<?xml version="1.0" encoding="UTF-8"?>
<testsuite xmlns:xsi="http://www.w3.org/2001/XMLSchema-instance" xsi:noNamespaceSchemaLocation="https://maven.apache.org/surefire/maven-surefire-plugin/xsd/surefire-test-report.xsd" name="UserTest" time="0.065" tests="1" errors="0" skipped="0" failures="0">
  <properties>
    <property name="java.specification.version" value="15"/>
    <property name="sun.cpu.isalist" value="amd64"/>
    <property name="sun.jnu.encoding" value="GBK"/>
    <property name="java.class.path" value="C:\Users\Yukai\Desktop\project\CRM\v1\target\test-classes;C:\Users\Yukai\Desktop\project\CRM\v1\target\classes;C:\Users\Yukai\Desktop\project\maven\repository\junit\junit\4.11\junit-4.11.jar;C:\Users\Yukai\Desktop\project\maven\repository\org\hamcrest\hamcrest-core\1.3\hamcrest-core-1.3.jar;C:\Users\Yukai\Desktop\project\maven\repository\javax\servlet\javax.servlet-api\3.1.0\javax.servlet-api-3.1.0.jar;C:\Users\Yukai\Desktop\project\maven\repository\javax\servlet\jsp\jsp-api\2.2\jsp-api-2.2.jar;C:\Users\Yukai\Desktop\project\maven\repository\javax\servlet\jstl\1.2\jstl-1.2.jar;C:\Users\Yukai\Desktop\project\maven\repository\com\fasterxml\jackson\core\jackson-databind\2.13.0\jackson-databind-2.13.0.jar;C:\Users\Yukai\Desktop\project\maven\repository\com\fasterxml\jackson\core\jackson-annotations\2.13.0\jackson-annotations-2.13.0.jar;C:\Users\Yukai\Desktop\project\maven\repository\com\fasterxml\jackson\core\jackson-core\2.13.0\jackson-core-2.13.0.jar;C:\Users\Yukai\Desktop\project\maven\repository\com\alibaba\druid\1.1.22\druid-1.1.22.jar;C:\Users\Yukai\Desktop\project\maven\repository\mysql\mysql-connector-java\8.0.22\mysql-connector-java-8.0.22.jar;C:\Users\Yukai\Desktop\project\maven\repository\com\google\protobuf\protobuf-java\3.11.4\protobuf-java-3.11.4.jar;C:\Users\Yukai\Desktop\project\maven\repository\org\mybatis\mybatis\3.5.6\mybatis-3.5.6.jar;C:\Users\Yukai\Desktop\project\maven\repository\com\github\pagehelper\pagehelper\5.2.0\pagehelper-5.2.0.jar;C:\Users\Yukai\Desktop\project\maven\repository\com\github\jsqlparser\jsqlparser\3.2\jsqlparser-3.2.jar;C:\Users\Yukai\Desktop\project\maven\repository\org\mybatis\mybatis-spring\1.3.2\mybatis-spring-1.3.2.jar;C:\Users\Yukai\Desktop\project\maven\repository\org\springframework\spring-webmvc\5.3.14\spring-webmvc-5.3.14.jar;C:\Users\Yukai\Desktop\project\maven\repository\org\springframework\spring-aop\5.3.14\spring-aop-5.3.14.jar;C:\Users\Yukai\Desktop\project\maven\repository\org\springframework\spring-beans\5.3.14\spring-beans-5.3.14.jar;C:\Users\Yukai\Desktop\project\maven\repository\org\springframework\spring-context\5.3.14\spring-context-5.3.14.jar;C:\Users\Yukai\Desktop\project\maven\repository\org\springframework\spring-core\5.3.14\spring-core-5.3.14.jar;C:\Users\Yukai\Desktop\project\maven\repository\org\springframework\spring-jcl\5.3.14\spring-jcl-5.3.14.jar;C:\Users\Yukai\Desktop\project\maven\repository\org\springframework\spring-expression\5.3.14\spring-expression-5.3.14.jar;C:\Users\Yukai\Desktop\project\maven\repository\org\springframework\spring-web\5.3.14\spring-web-5.3.14.jar;C:\Users\Yukai\Desktop\project\maven\repository\org\springframework\spring-tx\5.3.13\spring-tx-5.3.13.jar;C:\Users\Yukai\Desktop\project\maven\repository\org\springframework\spring-jdbc\5.3.13\spring-jdbc-5.3.13.jar;C:\Users\Yukai\Desktop\project\maven\repository\org\springframework\spring-aspects\5.3.9\spring-aspects-5.3.9.jar;C:\Users\Yukai\Desktop\project\maven\repository\org\aspectj\aspectjweaver\1.9.7\aspectjweaver-1.9.7.jar;C:\Users\Yukai\Desktop\project\maven\repository\commons-fileupload\commons-fileupload\1.3.3\commons-fileupload-1.3.3.jar;C:\Users\Yukai\Desktop\project\maven\repository\commons-io\commons-io\2.2\commons-io-2.2.jar;"/>
    <property name="java.vm.vendor" value="Oracle Corporation"/>
    <property name="sun.arch.data.model" value="64"/>
    <property name="user.variant" value=""/>
    <property name="java.vendor.url" value="https://java.oracle.com/"/>
    <property name="user.timezone" value="Europe/Berlin"/>
    <property name="os.name" value="Windows 10"/>
    <property name="java.vm.specification.version" value="15"/>
    <property name="sun.java.launcher" value="SUN_STANDARD"/>
    <property name="user.country" value="CN"/>
    <property name="sun.boot.library.path" value="C:\Program Files\Java\jdk-15.0.2\bin"/>
    <property name="sun.java.command" value="C:\Users\Yukai\AppData\Local\Temp\surefire9673985343180246884\surefirebooter15933441179228902173.jar C:\Users\Yukai\AppData\Local\Temp\surefire9673985343180246884 2022-02-03T10-41-41_245-jvmRun1 surefire1944184039390794413tmp surefire_017422497111620561162tmp"/>
    <property name="jdk.debug" value="release"/>
    <property name="surefire.test.class.path" value="C:\Users\Yukai\Desktop\project\CRM\v1\target\test-classes;C:\Users\Yukai\Desktop\project\CRM\v1\target\classes;C:\Users\Yukai\Desktop\project\maven\repository\junit\junit\4.11\junit-4.11.jar;C:\Users\Yukai\Desktop\project\maven\repository\org\hamcrest\hamcrest-core\1.3\hamcrest-core-1.3.jar;C:\Users\Yukai\Desktop\project\maven\repository\javax\servlet\javax.servlet-api\3.1.0\javax.servlet-api-3.1.0.jar;C:\Users\Yukai\Desktop\project\maven\repository\javax\servlet\jsp\jsp-api\2.2\jsp-api-2.2.jar;C:\Users\Yukai\Desktop\project\maven\repository\javax\servlet\jstl\1.2\jstl-1.2.jar;C:\Users\Yukai\Desktop\project\maven\repository\com\fasterxml\jackson\core\jackson-databind\2.13.0\jackson-databind-2.13.0.jar;C:\Users\Yukai\Desktop\project\maven\repository\com\fasterxml\jackson\core\jackson-annotations\2.13.0\jackson-annotations-2.13.0.jar;C:\Users\Yukai\Desktop\project\maven\repository\com\fasterxml\jackson\core\jackson-core\2.13.0\jackson-core-2.13.0.jar;C:\Users\Yukai\Desktop\project\maven\repository\com\alibaba\druid\1.1.22\druid-1.1.22.jar;C:\Users\Yukai\Desktop\project\maven\repository\mysql\mysql-connector-java\8.0.22\mysql-connector-java-8.0.22.jar;C:\Users\Yukai\Desktop\project\maven\repository\com\google\protobuf\protobuf-java\3.11.4\protobuf-java-3.11.4.jar;C:\Users\Yukai\Desktop\project\maven\repository\org\mybatis\mybatis\3.5.6\mybatis-3.5.6.jar;C:\Users\Yukai\Desktop\project\maven\repository\com\github\pagehelper\pagehelper\5.2.0\pagehelper-5.2.0.jar;C:\Users\Yukai\Desktop\project\maven\repository\com\github\jsqlparser\jsqlparser\3.2\jsqlparser-3.2.jar;C:\Users\Yukai\Desktop\project\maven\repository\org\mybatis\mybatis-spring\1.3.2\mybatis-spring-1.3.2.jar;C:\Users\Yukai\Desktop\project\maven\repository\org\springframework\spring-webmvc\5.3.14\spring-webmvc-5.3.14.jar;C:\Users\Yukai\Desktop\project\maven\repository\org\springframework\spring-aop\5.3.14\spring-aop-5.3.14.jar;C:\Users\Yukai\Desktop\project\maven\repository\org\springframework\spring-beans\5.3.14\spring-beans-5.3.14.jar;C:\Users\Yukai\Desktop\project\maven\repository\org\springframework\spring-context\5.3.14\spring-context-5.3.14.jar;C:\Users\Yukai\Desktop\project\maven\repository\org\springframework\spring-core\5.3.14\spring-core-5.3.14.jar;C:\Users\Yukai\Desktop\project\maven\repository\org\springframework\spring-jcl\5.3.14\spring-jcl-5.3.14.jar;C:\Users\Yukai\Desktop\project\maven\repository\org\springframework\spring-expression\5.3.14\spring-expression-5.3.14.jar;C:\Users\Yukai\Desktop\project\maven\repository\org\springframework\spring-web\5.3.14\spring-web-5.3.14.jar;C:\Users\Yukai\Desktop\project\maven\repository\org\springframework\spring-tx\5.3.13\spring-tx-5.3.13.jar;C:\Users\Yukai\Desktop\project\maven\repository\org\springframework\spring-jdbc\5.3.13\spring-jdbc-5.3.13.jar;C:\Users\Yukai\Desktop\project\maven\repository\org\springframework\spring-aspects\5.3.9\spring-aspects-5.3.9.jar;C:\Users\Yukai\Desktop\project\maven\repository\org\aspectj\aspectjweaver\1.9.7\aspectjweaver-1.9.7.jar;C:\Users\Yukai\Desktop\project\maven\repository\commons-fileupload\commons-fileupload\1.3.3\commons-fileupload-1.3.3.jar;C:\Users\Yukai\Desktop\project\maven\repository\commons-io\commons-io\2.2\commons-io-2.2.jar;"/>
    <property name="sun.cpu.endian" value="little"/>
    <property name="user.home" value="C:\Users\Yukai"/>
    <property name="user.language" value="zh"/>
    <property name="java.specification.vendor" value="Oracle Corporation"/>
    <property name="java.version.date" value="2021-01-19"/>
    <property name="java.home" value="C:\Program Files\Java\jdk-15.0.2"/>
    <property name="file.separator" value="\"/>
    <property name="basedir" value="C:\Users\Yukai\Desktop\project\CRM\v1"/>
    <property name="java.vm.compressedOopsMode" value="Zero based"/>
    <property name="line.separator" value="&#10;"/>
    <property name="java.vm.specification.vendor" value="Oracle Corporation"/>
    <property name="java.specification.name" value="Java Platform API Specification"/>
    <property name="surefire.real.class.path" value="C:\Users\Yukai\AppData\Local\Temp\surefire9673985343180246884\surefirebooter15933441179228902173.jar"/>
    <property name="user.script" value=""/>
    <property name="sun.management.compiler" value="HotSpot 64-Bit Tiered Compilers"/>
    <property name="java.runtime.version" value="15.0.2+7-27"/>
    <property name="user.name" value="Yukai"/>
    <property name="path.separator" value=";"/>
    <property name="os.version" value="10.0"/>
    <property name="java.runtime.name" value="Java(TM) SE Runtime Environment"/>
    <property name="file.encoding" value="GBK"/>
    <property name="java.vm.name" value="Java HotSpot(TM) 64-Bit Server VM"/>
    <property name="localRepository" value="C:\Users\Yukai\Desktop\project\maven\repository"/>
    <property name="java.vendor.url.bug" value="https://bugreport.java.com/bugreport/"/>
    <property name="java.io.tmpdir" value="C:\Users\Yukai\AppData\Local\Temp\"/>
    <property name="idea.version" value="2020.3.2"/>
    <property name="java.version" value="15.0.2"/>
    <property name="user.dir" value="C:\Users\Yukai\Desktop\project\CRM\v1"/>
    <property name="os.arch" value="amd64"/>
    <property name="java.vm.specification.name" value="Java Virtual Machine Specification"/>
    <property name="sun.os.patch.level" value=""/>
    <property name="java.library.path" value="C:\Program Files\Java\jdk-15.0.2\bin;C:\WINDOWS\Sun\Java\bin;C:\WINDOWS\system32;C:\WINDOWS;C:\Program Files (x86)\Common Files\Oracle\Java\javapath;C:\WINDOWS\System32;C:\WINDOWS;C:\WINDOWS\System32\Wbem;C:\WINDOWS\System32\WindowsPowerShell\v1.0\;C:\Program Files\Java\jdk-15.0.2\bin;C:\Jena\apache-jena-3.17.0\bat;C:\Jena\apache-jena-fuseki-3.17.0;C:\Program Files\MySQL\MySQL Server 8.0\bin;C:\WINDOWS\system32;C:\WINDOWS\System32\OpenSSH\;C:\Users\Yukai\Desktop\code\maven\apache-maven-3.8.4-bin\apache-maven-3.8.4\bin;C:\Program Files\Git\cmd;C:\Program Files\TortoiseGit\bin;C:\Program Files\MySQL\MySQL Shell 8.0\bin\;C:\Users\Yukai\AppData\Local\Microsoft\WindowsApps;C:\Users\Yukai\AppData\Local\Programs\Microsoft VS Code\bin;C:\Program Files\IBM\Cloud\bin;C:\Users\Yukai\AppData\Roaming\npm;%USERPROFILE%\AppData\Local\Microsoft\WindowsApps;C:\WIND\WWT\bin;C:\WIND\WWT\x64;."/>
    <property name="java.vm.info" value="mixed mode, sharing"/>
    <property name="java.vendor" value="Oracle Corporation"/>
    <property name="java.vm.version" value="15.0.2+7-27"/>
    <property name="sun.io.unicode.encoding" value="UnicodeLittle"/>
    <property name="maven.repo.local" value="C:\Users\Yukai\Desktop\project\maven\repository"/>
    <property name="java.class.version" value="59.0"/>
  </properties>
  <testcase name="test" classname="UserTest" time="0.019"/>
</testsuite>